Это директория
Флаг каталога: True
Название родительского каталога: pogruzhenie_15_attestfcya
==================================================
Имя файла без расширения: directory_contents
Расширение файла: .log

Имя файла без расширения: file_info
Расширение файла: .log

Имя файла без расширения: script
Расширение файла: .py

Имя файла без расширения: test1
Расширение файла: .txt

Имя файла без расширения: test2
Расширение файла: .png

Имя файла без расширения: test3
Расширение файла: .pdf

Имя файла без расширения: test4
Расширение файла: .mp3

Это директория
Флаг каталога: True
Название родительского каталога: pogruzhenie_15_attestfcya
==================================================
Имя файла без расширения: тест5
Расширение файла: .pptx

